<?xml version="1.0" encoding="UTF-8"?>
<testsuite xmlns:xsi="http://www.w3.org/2001/XMLSchema-instance" xsi:noNamespaceSchemaLocation="https://maven.apache.org/surefire/maven-surefire-plugin/xsd/surefire-test-report-3.0.xsd" version="3.0" name="cucumber.Options.TestRunner" time="24.487" tests="2" errors="1" skipped="0" failures="0">
  <properties>
[...]
</properties>
  <testcase name="Verify if place is being Sucessfully added using AddPlaceAPI" classname="Valiadting place API&apos;s" time="20.28">
    <system-out><![CDATA[/maps/api/place/add/json
Request method:	POST
Request URI:	https://rahulshettyacademy.com/maps/api/place/add/json?key=qaclick123
Proxy:			<none>
Request params:	<none>
Query params:	key=qaclick123
Form params:	<none>
Path params:	<none>
Headers:		Accept=*/*
				Content-Type=application/json
Cookies:		<none>
Multiparts:		<none>
Body:
{
    "accuracy": 60,
    "name": "mamatha",
    "phone_number": "(+91) 983 893 3937",
    "address": "world class Address",
    "website": "www.saranmamu.com",
    "language": "Tamil",
    "location": {
        "lat": -38.383494,
        "lng": -33.427362
    },
    "types": [
        "saran",
        "Mamatha",
        "4 years"
    ]
}
HTTP/1.1 200 OK
Date: Tue, 05 Mar 2024 23:31:50 GMT
Server: Apache/2.4.52 (Ubuntu)
Access-Control-Allow-Origin: *
Access-Control-Allow-Methods: POST
Access-Control-Max-Age: 3600
Access-Control-Allow-Headers: Content-Type, Access-Control-Allow-Headers, Authorization, X-Requested-With
Content-Length: 194
Keep-Alive: timeout=5, max=100
Connection: Keep-Alive
Content-Type: application/json;charset=UTF-8

{
    "status": "OK",
    "place_id": "17269082786c9d2f2b73e7d1f3a969d4",
    "scope": "APP",
    "reference": "abe0d0dd0f779aae204644dea0a8419eabe0d0dd0f779aae204644dea0a8419e",
    "id": "abe0d0dd0f779aae204644dea0a8419e"
}
/maps/api/place/get/json
Request method:	GET
Request URI:	https://rahulshettyacademy.com/maps/api/place/get/json?key=qaclick123&place_id=17269082786c9d2f2b73e7d1f3a969d4
Proxy:			<none>
Request params:	<none>
Query params:	key=qaclick123
				place_id=17269082786c9d2f2b73e7d1f3a969d4
Form params:	<none>
Path params:	<none>
Headers:		Accept=*/*
				Content-Type=application/json
Cookies:		<none>
Multiparts:		<none>
Body:			<none>
HTTP/1.1 200 OK
Date: Tue, 05 Mar 2024 23:31:54 GMT
Server: Apache/2.4.52 (Ubuntu)
Access-Control-Allow-Origin: *
Access-Control-Allow-Methods: POST
Access-Control-Max-Age: 3600
Access-Control-Allow-Headers: Content-Type, Access-Control-Allow-Headers, Authorization, X-Requested-With
Content-Length: 245
Keep-Alive: timeout=5, max=100
Connection: Keep-Alive
Content-Type: application/json;charset=UTF-8

{
    "location": {
        "latitude": "-38.383494",
        "longitude": "-33.427362"
    },
    "accuracy": "60",
    "name": "mamatha",
    "phone_number": "(+91) 983 893 3937",
    "address": "world class Address",
    "types": "saran,Mamatha,4 years",
    "website": "www.saranmamu.com",
    "language": "Tamil"
}
]]></system-out>
  </testcase>
  <testcase name="Verify if Delete Place functionality is working" classname="Valiadting place API&apos;s" time="1.566">
    <error message="Cannot invoke &quot;Object.toString()&quot; because the return value of &quot;io.restassured.path.json.JsonPath.get(String)&quot; is null" type="java.lang.NullPointerException"><![CDATA[java.lang.NullPointerException: Cannot invoke "Object.toString()" because the return value of "io.restassured.path.json.JsonPath.get(String)" is null
	at Resources.Utils.getJsonPath(Utils.java:59)
	at stepDefinition.stepDefinition.in_response_body_is(stepDefinition.java:74)
	at ✽."Status" in response body is "OK"(file:///C:/REST%20API/Basic/APIframework/src/test/java/features/placeValidation.feature:42)
]]></error>
    <system-out><![CDATA[/maps/api/place/delete/json
HTTP/1.1 200 OK
Date: Tue, 05 Mar 2024 23:31:55 GMT
Server: Apache/2.4.52 (Ubuntu)
Access-Control-Allow-Origin: *
Access-Control-Allow-Methods: POST
Access-Control-Max-Age: 3600
Access-Control-Allow-Headers: Content-Type, Access-Control-Allow-Headers, Authorization, X-Requested-With
Content-Length: 15
Keep-Alive: timeout=5, max=100
Connection: Keep-Alive
Content-Type: application/json;charset=UTF-8

{
    "status": "OK"
}
]]></system-out>
  </testcase>
</testsuite>